# JRE version: OpenJDK Runtime Environment (8.0_76-b03) (build 1.8.0_76-release-b03)
# Java VM: OpenJDK 64-Bit Server VM (25.76-b03 mixed mode windows-amd64 compressed oops)
Heap:
 PSYoungGen      total 437760K, used 147160K [0x00000000e0000000, 0x0000000100000000, 0x0000000100000000)
  eden space 356864K, 29% used [0x00000000e0000000,0x00000000e6571060,0x00000000f5c80000)
  from space 80896K, 53% used [0x00000000f5c80000,0x00000000f86c5390,0x00000000fab80000)
  to   space 82944K, 0% used [0x00000000faf00000,0x00000000faf00000,0x0000000100000000)
 ParOldGen       total 252416K, used 67580K [0x00000000a0000000, 0x00000000af680000, 0x00000000e0000000)
  object space 252416K, 26% used [0x00000000a0000000,0x00000000a41ff130,0x00000000af680000)
 Metaspace       used 80476K, capacity 87220K, committed 87552K, reserved 1126400K
  class space    used 10061K, capacity 11105K, committed 11264K, reserved 1048576K
GC Heap History (10 events):
Event: 7233.438 GC heap before
{Heap before GC invocations=92 (full 17):
 PSYoungGen      total 432640K, used 347174K [0x00000000e0000000, 0x0000000100000000, 0x0000000100000000)
  eden space 350208K, 85% used [0x00000000e0000000,0x00000000f24abf08,0x00000000f5600000)
  from space 82432K, 57% used [0x00000000fa900000,0x00000000fd75dbd8,0x00000000ff980000)
  to   space 84992K, 0% used [0x00000000f5600000,0x00000000f5600000,0x00000000fa900000)
 ParOldGen       total 252416K, used 64214K [0x00000000a0000000, 0x00000000af680000, 0x00000000e0000000)
  object space 252416K, 25% used [0x00000000a0000000,0x00000000a3eb5a18,0x00000000af680000)
 Metaspace       used 80170K, capacity 86702K, committed 87040K, reserved 1124352K
  class space    used 10023K, capacity 11044K, committed 11264K, reserved 1048576K
Event: 7233.443 GC heap after
Heap after GC invocations=92 (full 17):
 PSYoungGen      total 435200K, used 6157K [0x00000000e0000000, 0x00000000ffe80000, 0x0000000100000000)
  eden space 350208K, 0% used [0x00000000e0000000,0x00000000e0000000,0x00000000f5600000)
  from space 84992K, 7% used [0x00000000f5600000,0x00000000f5c036c8,0x00000000fa900000)
  to   space 82944K, 0% used [0x00000000fad80000,0x00000000fad80000,0x00000000ffe80000)
 ParOldGen       total 252416K, used 64222K [0x00000000a0000000, 0x00000000af680000, 0x00000000e0000000)
  object space 252416K, 25% used [0x00000000a0000000,0x00000000a3eb7a18,0x00000000af680000)
 Metaspace       used 80170K, capacity 86702K, committed 87040K, reserved 1124352K
  class space    used 10023K, capacity 11044K, committed 11264K, reserved 1048576K
}
Event: 7233.443 GC heap before
{Heap before GC invocations=93 (full 18):
 PSYoungGen      total 435200K, used 6157K [0x00000000e0000000, 0x00000000ffe80000, 0x0000000100000000)
  eden space 350208K, 0% used [0x00000000e0000000,0x00000000e0000000,0x00000000f5600000)
  from space 84992K, 7% used [0x00000000f5600000,0x00000000f5c036c8,0x00000000fa900000)
  to   space 82944K, 0% used [0x00000000fad80000,0x00000000fad80000,0x00000000ffe80000)
 ParOldGen       total 252416K, used 64222K [0x00000000a0000000, 0x00000000af680000, 0x00000000e0000000)
  object space 252416K, 25% used [0x00000000a0000000,0x00000000a3eb7a18,0x00000000af680000)
 Metaspace       used 80170K, capacity 86702K, committed 87040K, reserved 1124352K
  class space    used 10023K, capacity 11044K, committed 11264K, reserved 1048576K
Event: 7233.777 GC heap after
Heap after GC invocations=93 (full 18):
 PSYoungGen      total 435200K, used 0K [0x00000000e0000000, 0x00000000ffe80000, 0x0000000100000000)
  eden space 350208K, 0% used [0x00000000e0000000,0x00000000e0000000,0x00000000f5600000)
  from space 84992K, 0% used [0x00000000f5600000,0x00000000f5600000,0x00000000fa900000)
  to   space 82944K, 0% used [0x00000000fad80000,0x00000000fad80000,0x00000000ffe80000)
 ParOldGen       total 252416K, used 69121K [0x00000000a0000000, 0x00000000af680000, 0x00000000e0000000)
  object space 252416K, 27% used [0x00000000a0000000,0x00000000a43804a8,0x00000000af680000)
 Metaspace       used 80170K, capacity 86702K, committed 87040K, reserved 1124352K
  class space    used 10023K, capacity 11044K, committed 11264K, reserved 1048576K
}
Event: 7378.105 GC heap before
{Heap before GC invocations=94 (full 18):
 PSYoungGen      total 435200K, used 138641K [0x00000000e0000000, 0x00000000ffe80000, 0x0000000100000000)
  eden space 350208K, 39% used [0x00000000e0000000,0x00000000e8764648,0x00000000f5600000)
  from space 84992K, 0% used [0x00000000f5600000,0x00000000f5600000,0x00000000fa900000)
  to   space 82944K, 0% used [0x00000000fad80000,0x00000000fad80000,0x00000000ffe80000)
 ParOldGen       total 252416K, used 69121K [0x00000000a0000000, 0x00000000af680000, 0x00000000e0000000)
  object space 252416K, 27% used [0x00000000a0000000,0x00000000a43804a8,0x00000000af680000)
 Metaspace       used 80238K, capacity 86820K, committed 87040K, reserved 1124352K
  class space    used 10034K, capacity 11057K, committed 11264K, reserved 1048576K
Event: 7378.117 GC heap after
Heap after GC invocations=94 (full 18):
 PSYoungGen      total 435712K, used 3632K [0x00000000e0000000, 0x00000000ffa80000, 0x0000000100000000)
  eden space 356864K, 0% used [0x00000000e0000000,0x00000000e0000000,0x00000000f5c80000)
  from space 78848K, 4% used [0x00000000fad80000,0x00000000fb10c010,0x00000000ffa80000)
  to   space 80896K, 0% used [0x00000000f5c80000,0x00000000f5c80000,0x00000000fab80000)
 ParOldGen       total 252416K, used 69121K [0x00000000a0000000, 0x00000000af680000, 0x00000000e0000000)
  object space 252416K, 27% used [0x00000000a0000000,0x00000000a43804a8,0x00000000af680000)
 Metaspace       used 80238K, capacity 86820K, committed 87040K, reserved 1124352K
  class space    used 10034K, capacity 11057K, committed 11264K, reserved 1048576K
}
Event: 7378.117 GC heap before
{Heap before GC invocations=95 (full 19):
 PSYoungGen      total 435712K, used 3632K [0x00000000e0000000, 0x00000000ffa80000, 0x0000000100000000)
  eden space 356864K, 0% used [0x00000000e0000000,0x00000000e0000000,0x00000000f5c80000)
  from space 78848K, 4% used [0x00000000fad80000,0x00000000fb10c010,0x00000000ffa80000)
  to   space 80896K, 0% used [0x00000000f5c80000,0x00000000f5c80000,0x00000000fab80000)
 ParOldGen       total 252416K, used 69121K [0x00000000a0000000, 0x00000000af680000, 0x00000000e0000000)
  object space 252416K, 27% used [0x00000000a0000000,0x00000000a43804a8,0x00000000af680000)
 Metaspace       used 80238K, capacity 86820K, committed 87040K, reserved 1124352K
  class space    used 10034K, capacity 11057K, committed 11264K, reserved 1048576K
Event: 7378.484 GC heap after
Heap after GC invocations=95 (full 19):
 PSYoungGen      total 435712K, used 0K [0x00000000e0000000, 0x00000000ffa80000, 0x0000000100000000)
  eden space 356864K, 0% used [0x00000000e0000000,0x00000000e0000000,0x00000000f5c80000)
  from space 78848K, 0% used [0x00000000fad80000,0x00000000fad80000,0x00000000ffa80000)
  to   space 80896K, 0% used [0x00000000f5c80000,0x00000000f5c80000,0x00000000fab80000)
 ParOldGen       total 252416K, used 67572K [0x00000000a0000000, 0x00000000af680000, 0x00000000e0000000)
  object space 252416K, 26% used [0x00000000a0000000,0x00000000a41fd130,0x00000000af680000)
 Metaspace       used 80238K, capacity 86820K, committed 87040K, reserved 1124352K
  class space    used 10034K, capacity 11057K, committed 11264K, reserved 1048576K
}
Event: 7385.494 GC heap before
{Heap before GC invocations=96 (full 19):
 PSYoungGen      total 435712K, used 356864K [0x00000000e0000000, 0x00000000ffa80000, 0x0000000100000000)
  eden space 356864K, 100% used [0x00000000e0000000,0x00000000f5c80000,0x00000000f5c80000)
  from space 78848K, 0% used [0x00000000fad80000,0x00000000fad80000,0x00000000ffa80000)
  to   space 80896K, 0% used [0x00000000f5c80000,0x00000000f5c80000,0x00000000fab80000)
 ParOldGen       total 252416K, used 67572K [0x00000000a0000000, 0x00000000af680000, 0x00000000e0000000)
  object space 252416K, 26% used [0x00000000a0000000,0x00000000a41fd130,0x00000000af680000)
 Metaspace       used 80476K, capacity 87220K, committed 87552K, reserved 1126400K
  class space    used 10061K, capacity 11105K, committed 11264K, reserved 1048576K
Event: 7385.543 GC heap after
Heap after GC invocations=96 (full 19):
 PSYoungGen      total 437760K, used 43284K [0x00000000e0000000, 0x0000000100000000, 0x0000000100000000)
  eden space 356864K, 0% used [0x00000000e0000000,0x00000000e0000000,0x00000000f5c80000)
  from space 80896K, 53% used [0x00000000f5c80000,0x00000000f86c5390,0x00000000fab80000)
  to   space 82944K, 0% used [0x00000000faf00000,0x00000000faf00000,0x0000000100000000)
 ParOldGen       total 252416K, used 67580K [0x00000000a0000000, 0x00000000af680000, 0x00000000e0000000)
  object space 252416K, 26% used [0x00000000a0000000,0x00000000a41ff130,0x00000000af680000)
 Metaspace       used 80476K, capacity 87220K, committed 87552K, reserved 1126400K
  class space    used 10061K, capacity 11105K, committed 11264K, reserved 1048576K
}

